<?xml version="1.0" encoding="UTF-8"?>
<!-- Generated by org.testng.reporters.JUnitReportReporter -->
<testsuite hostname="INLEN8520032333" failures="0" tests="2" name="testrunner.TestRunner_LabTest_Excel" time="63.414" errors="0" timestamp="2023-06-08T16:21:33 IST" skipped="0">
  <testcase classname="testrunner.TestRunner_LabTest_Excel" name="runScenario" time="32.835"/>
  <system-out/>
  <testcase classname="testrunner.TestRunner_LabTest_Excel" name="runScenario" time="30.579"/>
  <system-out/>
</testsuite> <!-- testrunner.TestRunner_LabTest_Excel -->
