<?xml version="1.0" encoding="UTF-8"?>
<!-- Generated by org.testng.reporters.JUnitReportReporter -->
<testsuite hostname="INLEN8520032333" failures="0" tests="3" name="testrunner.TestRunner_LabTestPage1" time="61.521" errors="0" timestamp="2023-06-08T07:33:13 IST" skipped="0">
  <testcase classname="testrunner.TestRunner_LabTestPage1" name="runScenario" time="34.146"/>
  <system-out/>
  <testcase classname="testrunner.TestRunner_LabTestPage1" name="runScenario" time="14.727"/>
  <system-out/>
  <testcase classname="testrunner.TestRunner_LabTestPage1" name="runScenario" time="12.648"/>
  <system-out/>
</testsuite> <!-- testrunner.TestRunner_LabTestPage1 -->
