<?xml version="1.0" encoding="UTF-8"?>
<!-- Generated by org.testng.reporters.JUnitReportReporter -->
<testsuite hostname="INLEN8520032333" failures="0" tests="4" name="testrunner.TestRunner_LabTestPage2" time="99.014" errors="0" timestamp="2023-06-08T16:20:08 IST" skipped="0">
  <testcase classname="testrunner.TestRunner_LabTestPage2" name="runScenario" time="23.474"/>
  <system-out/>
  <testcase classname="testrunner.TestRunner_LabTestPage2" name="runScenario" time="25.236"/>
  <system-out/>
  <testcase classname="testrunner.TestRunner_LabTestPage2" name="runScenario" time="24.859"/>
  <system-out/>
  <testcase classname="testrunner.TestRunner_LabTestPage2" name="runScenario" time="25.445"/>
  <system-out/>
</testsuite> <!-- testrunner.TestRunner_LabTestPage2 -->
