<?xml version="1.0" encoding="UTF-8"?>
<!-- Generated by org.testng.reporters.JUnitReportReporter -->
<testsuite hostname="INLEN8520032333" failures="0" tests="2" name="testrunner.TestRunner_LabTestPage2" time="50.161" errors="0" timestamp="2023-06-08T09:30:04 IST" skipped="0">
  <testcase classname="testrunner.TestRunner_LabTestPage2" name="runScenario" time="25.020"/>
  <system-out/>
  <testcase classname="testrunner.TestRunner_LabTestPage2" name="runScenario" time="25.141"/>
  <system-out/>
</testsuite> <!-- testrunner.TestRunner_LabTestPage2 -->
