<?xml version="1.0" encoding="UTF-8"?>
<!-- Generated by org.testng.reporters.JUnitReportReporter -->
<testsuite hostname="INLEN8520032333" failures="0" tests="3" name="testrunner.TestRunner_LabTest_Excel" time="77.160" errors="0" timestamp="2023-06-08T07:50:29 IST" skipped="0">
  <testcase classname="testrunner.TestRunner_LabTest_Excel" name="runScenario" time="25.214"/>
  <system-out/>
  <testcase classname="testrunner.TestRunner_LabTest_Excel" name="runScenario" time="26.554"/>
  <system-out/>
  <testcase classname="testrunner.TestRunner_LabTest_Excel" name="runScenario" time="25.392"/>
  <system-out/>
</testsuite> <!-- testrunner.TestRunner_LabTest_Excel -->
