<?xml version="1.0" encoding="UTF-8"?>
<!-- Generated by org.testng.reporters.JUnitReportReporter -->
<testsuite hostname="INLEN8520032333" failures="0" tests="3" name="testrunner.TestRunner_LabTestPage1" time="78.229" errors="0" timestamp="2023-06-08T16:18:17 IST" skipped="0">
  <testcase classname="testrunner.TestRunner_LabTestPage1" name="runScenario" time="20.128"/>
  <system-out/>
  <testcase classname="testrunner.TestRunner_LabTestPage1" name="runScenario" time="40.342"/>
  <system-out/>
  <testcase classname="testrunner.TestRunner_LabTestPage1" name="runScenario" time="17.759"/>
  <system-out/>
</testsuite> <!-- testrunner.TestRunner_LabTestPage1 -->
