<?xml version="1.0" encoding="UTF-8"?>
<!-- Generated by org.testng.reporters.JUnitReportReporter -->
<testsuite hostname="INLEN8520032333" failures="0" tests="3" name="testrunner.TestRunner_LabTestPage1" time="77.659" errors="0" timestamp="2023-06-07T17:20:06 IST" skipped="0">
  <testcase classname="testrunner.TestRunner_LabTestPage1" name="runScenario" time="17.499"/>
  <system-out/>
  <testcase classname="testrunner.TestRunner_LabTestPage1" name="runScenario" time="21.085"/>
  <system-out/>
  <testcase classname="testrunner.TestRunner_LabTestPage1" name="runScenario" time="39.075"/>
  <system-out/>
</testsuite> <!-- testrunner.TestRunner_LabTestPage1 -->
