<?xml version="1.0" encoding="UTF-8"?>
<!-- Generated by org.testng.reporters.JUnitReportReporter -->
<testsuite hostname="INLEN8520032333" failures="0" tests="2" name="testrunner.TestRunner_LabTest_Excel" time="60.675" errors="0" timestamp="2023-06-07T17:20:06 IST" skipped="0">
  <testcase classname="testrunner.TestRunner_LabTest_Excel" name="runScenario" time="27.482"/>
  <system-out/>
  <testcase classname="testrunner.TestRunner_LabTest_Excel" name="runScenario" time="33.193"/>
  <system-out/>
</testsuite> <!-- testrunner.TestRunner_LabTest_Excel -->
