<?xml version="1.0" encoding="UTF-8"?>
<!-- Generated by org.testng.reporters.JUnitReportReporter -->
<testsuite hostname="INLEN8520032333" failures="0" tests="2" name="testrunner.TestRunner_LabTest_Excel" time="58.188" errors="0" timestamp="2023-06-08T15:53:38 IST" skipped="0">
  <testcase classname="testrunner.TestRunner_LabTest_Excel" name="runScenario" time="29.040"/>
  <system-out/>
  <testcase classname="testrunner.TestRunner_LabTest_Excel" name="runScenario" time="29.148"/>
  <system-out/>
</testsuite> <!-- testrunner.TestRunner_LabTest_Excel -->
